<?xml version="1.0" encoding="UTF-8"?>
<testng-results ignored="0" total="2" passed="2" failed="0" skipped="0">
  <reporter-output>
  </reporter-output>
  <suite started-at="2023-12-19T17:04:40 IST" name="Default suite" finished-at="2023-12-19T17:05:05 IST" duration-ms="25297">
    <groups>
    </groups>
    <test started-at="2023-12-19T17:04:40 IST" name="Default test" finished-at="2023-12-19T17:05:05 IST" duration-ms="25297">
      <class name="com.simplilearn.testng.amazon.AmazonSearchTest">
        <test-method is-config="true" signature="beforeClass()[pri:0, instance:com.simplilearn.testng.amazon.AmazonSearchTest@41a0aa7d]" started-at="2023-12-19T17:04:40 IST" name="beforeClass" finished-at="2023-12-19T17:04:57 IST" duration-ms="16675" status="PASS">
          <reporter-output>
          </reporter-output>
        </test-method> <!-- beforeClass -->
        <test-method signature="testSearch1()[pri:0, instance:com.simplilearn.testng.amazon.AmazonSearchTest@41a0aa7d]" started-at="2023-12-19T17:04:57 IST" name="testSearch1" description="Search Iphone 15 pro max" finished-at="2023-12-19T17:04:59 IST" duration-ms="2868" status="PASS">
          <reporter-output>
          </reporter-output>
        </test-method> <!-- testSearch1 -->
        <test-method signature="testSearch2()[pri:0, instance:com.simplilearn.testng.amazon.AmazonSearchTest@41a0aa7d]" started-at="2023-12-19T17:04:59 IST" name="testSearch2" description="Search Apple Mac book" finished-at="2023-12-19T17:05:02 IST" duration-ms="2521" status="PASS">
          <reporter-output>
          </reporter-output>
        </test-method> <!-- testSearch2 -->
        <test-method is-config="true" signature="afterClass()[pri:0, instance:com.simplilearn.testng.amazon.AmazonSearchTest@41a0aa7d]" started-at="2023-12-19T17:05:02 IST" name="afterClass" finished-at="2023-12-19T17:05:05 IST" duration-ms="3139" status="PASS">
          <reporter-output>
          </reporter-output>
        </test-method> <!-- afterClass -->
      </class> <!-- com.simplilearn.testng.amazon.AmazonSearchTest -->
    </test> <!-- Default test -->
  </suite> <!-- Default suite -->
</testng-results>
